This is pdfTeX, Version 3.141592653-2.6-1.40.26 (TeX Live 2024) (preloaded format=pdflatex 2024.9.21)  21 SEP 2024 18:45
entering extended mode
 restricted \write18 enabled.
 file:line:error style messages enabled.
 %&-line parsing enabled.
**"/Users/samirbanjara/Library/Mobile Documents/iCloud~md~obsidian/Documents/iCloud Vault/University/FALL 2024/MA 222 - Probability & Statistics/Homework/HW 3/HW3SamirBanjara"

! Emergency stop.
<to be read again> 
                   \protect 
<*> ...mirbanjara/Library/Mobile Documents/iCloud~
                                                  md~obsidian/Documents/iClo...
*** (job aborted, file error in nonstop mode)

 
Here is how much of TeX's memory you used:
 4 strings out of 474116
 149 string characters out of 5743682
 1925187 words of memory out of 5000000
 22465 multiletter control sequences out of 15000+600000
 558069 words of font info for 36 fonts, out of 8000000 for 9000
 1141 hyphenation exceptions out of 8191
 2i,0n,0p,1b,6s stack positions out of 10000i,1000n,20000p,200000b,200000s
!  ==> Fatal error occurred, no output PDF file produced!
