mktextfm Mel
mktextfm Mel
mktextfm Mel
mktextfm Mel/BI
mktextfm Mel
mktextfm Mel/B
mktextfm Mel
mktextfm Mel/I
mktextfm Mel
mktextfm Mel
mktextfm Mel
mktextfm Mel
mktextfm Mel
mktextfm Mel
mktextfm Mel
mktextfm Mel
mktextfm Mel
mktextfm Mel
mktextfm Mel
mktextfm Mel
mktextfm 
mktextfm 
mktextfm TeXGyreAdventor
mktextfm TeXGyreAdventor
mktextfm TeXGyreAdventor
mktextfm TeXGyreAdventor/BI
mktextfm TeXGyreAdventor
mktextfm TeXGyreAdventor/B
mktextfm TeXGyreAdventor
mktextfm TeXGyreAdventor/I
mktextfm TeXGyreAdventor
mktextfm TeXGyreAdventor
mktextfm TeXGyreAdventor
mktextfm TeXGyreAdventor
mktextfm TeXGyreAdventor
mktextfm TeXGyreAdventor
mktextfm TeXGyreAdventor
mktextfm TeXGyreAdventor
mktextfm TeXGyreAdventor
mktextfm TeXGyreAdventor
mktextfm TeXGyreAdventor
mktextfm TeXGyreAdventor
mktextfm O
mktextfm O
mktextfm O
mktextfm O/BI
mktextfm O
mktextfm O/B
mktextfm O
mktextfm O/I
mktextfm O
mktextfm O
mktextfm O
mktextfm O
mktextfm O
mktextfm O
mktextfm O
mktextfm O
mktextfm O
mktextfm O
mktextfm O
mktextfm O
