mktextfm SourceHanSerifSC-Regular
mktextfm SourceHanSansSC-Regular
mktextfm SourceHanMonoSC-Regular
mktextfm SourceHanSerifSC-Regular
mktextfm SourceHanSansSC-Regular
mktextfm SourceHanMonoSC-Regular
mktextfm SourceHanSerifTC-Regular
mktextfm SourceHanSansTC-Regular
mktextfm SourceHanMonoTC-Regular
mktextfm SourceHanSerif-Regular
mktextfm SourceHanSans-Regular
mktextfm SourceHanMono-Regular
mktextfm SourceHanSerifSC-Regular
mktextfm SourceHanSansSC-Regular
mktextfm SourceHanMonoSC-Regular
mktextfm SourceHanSerifSC-Regular
mktextfm SourceHanSansSC-Regular
mktextfm SourceHanMonoSC-Regular
mktextfm SourceHanSerifTC-Regular
mktextfm SourceHanSansTC-Regular
mktextfm SourceHanMonoTC-Regular
mktextfm SourceHanSerif-Regular
mktextfm SourceHanSans-Regular
mktextfm SourceHanMono-Regular
